[1.004s] Invoking command in '/home/mepus/ros2_ws/src/camera_python_package': CONDA_PROMPT_MODIFIER=(pytorch-env) PYTHONPATH=/home/mepus/ros2_ws/build/camera_python_package/prefix_override:/usr/lib/python3/dist-packages/colcon_core/task/python/colcon_distutils_commands:/home/mepus/ros2_ws/install/camera_python_package/lib/python3.10/site-packages:${PYTHONPATH} /usr/bin/python3 -W ignore:setup.py install is deprecated -W ignore:easy_install command is deprecated setup.py egg_info --egg-base ../../build/camera_python_package build --build-base /home/mepus/ros2_ws/build/camera_python_package/build install --record /home/mepus/ros2_ws/build/camera_python_package/install.log --single-version-externally-managed install_data
[1.385s] running egg_info
[1.386s] writing ../../build/camera_python_package/camera_python_package.egg-info/PKG-INFO
[1.387s] writing dependency_links to ../../build/camera_python_package/camera_python_package.egg-info/dependency_links.txt
[1.388s] writing entry points to ../../build/camera_python_package/camera_python_package.egg-info/entry_points.txt
[1.389s] writing requirements to ../../build/camera_python_package/camera_python_package.egg-info/requires.txt
[1.389s] writing top-level names to ../../build/camera_python_package/camera_python_package.egg-info/top_level.txt
[1.393s] reading manifest file '../../build/camera_python_package/camera_python_package.egg-info/SOURCES.txt'
[1.395s] writing manifest file '../../build/camera_python_package/camera_python_package.egg-info/SOURCES.txt'
[1.396s] running build
[1.396s] running build_py
[1.397s] running install
[1.398s] running install_lib
[1.401s] running install_data
[1.401s] running install_egg_info
[1.405s] removing '/home/mepus/ros2_ws/install/camera_python_package/lib/python3.10/site-packages/camera_python_package-0.0.0-py3.10.egg-info' (and everything under it)
[1.406s] Copying ../../build/camera_python_package/camera_python_package.egg-info to /home/mepus/ros2_ws/install/camera_python_package/lib/python3.10/site-packages/camera_python_package-0.0.0-py3.10.egg-info
[1.408s] running install_scripts
[1.448s] Installing network_camera script to /home/mepus/ros2_ws/install/camera_python_package/lib/camera_python_package
[1.449s] writing list of installed files to '/home/mepus/ros2_ws/build/camera_python_package/install.log'
[1.516s] Invoked command in '/home/mepus/ros2_ws/src/camera_python_package' returned '0': CONDA_PROMPT_MODIFIER=(pytorch-env) PYTHONPATH=/home/mepus/ros2_ws/build/camera_python_package/prefix_override:/usr/lib/python3/dist-packages/colcon_core/task/python/colcon_distutils_commands:/home/mepus/ros2_ws/install/camera_python_package/lib/python3.10/site-packages:${PYTHONPATH} /usr/bin/python3 -W ignore:setup.py install is deprecated -W ignore:easy_install command is deprecated setup.py egg_info --egg-base ../../build/camera_python_package build --build-base /home/mepus/ros2_ws/build/camera_python_package/build install --record /home/mepus/ros2_ws/build/camera_python_package/install.log --single-version-externally-managed install_data
