[4.940s] Invoking command in '/home/mepus/ros2_ws/src/camera_python_package': CONDA_PROMPT_MODIFIER=(pytorch-env) PYTHONPATH=/home/mepus/ros2_ws/build/camera_python_package/prefix_override:/usr/lib/python3/dist-packages/colcon_core/task/python/colcon_distutils_commands:/home/mepus/ros2_ws/install/camera_python_package/lib/python3.10/site-packages:${PYTHONPATH} /usr/bin/python3 -W ignore:setup.py install is deprecated -W ignore:easy_install command is deprecated setup.py egg_info --egg-base ../../build/camera_python_package build --build-base /home/mepus/ros2_ws/build/camera_python_package/build install --record /home/mepus/ros2_ws/build/camera_python_package/install.log --single-version-externally-managed install_data
[5.378s] running egg_info
[5.380s] writing ../../build/camera_python_package/camera_python_package.egg-info/PKG-INFO
[5.380s] writing dependency_links to ../../build/camera_python_package/camera_python_package.egg-info/dependency_links.txt
[5.381s] writing entry points to ../../build/camera_python_package/camera_python_package.egg-info/entry_points.txt
[5.381s] writing requirements to ../../build/camera_python_package/camera_python_package.egg-info/requires.txt
[5.381s] writing top-level names to ../../build/camera_python_package/camera_python_package.egg-info/top_level.txt
[5.385s] reading manifest file '../../build/camera_python_package/camera_python_package.egg-info/SOURCES.txt'
[5.387s] writing manifest file '../../build/camera_python_package/camera_python_package.egg-info/SOURCES.txt'
[5.388s] running build
[5.388s] running build_py
[5.388s] copying camera_python_package/network_camera.py -> /home/mepus/ros2_ws/build/camera_python_package/build/lib/camera_python_package
[5.393s] running install
[5.393s] running install_lib
[5.393s] copying /home/mepus/ros2_ws/build/camera_python_package/build/lib/camera_python_package/network_camera.py -> /home/mepus/ros2_ws/install/camera_python_package/lib/python3.10/site-packages/camera_python_package
[5.394s] byte-compiling /home/mepus/ros2_ws/install/camera_python_package/lib/python3.10/site-packages/camera_python_package/network_camera.py to network_camera.cpython-310.pyc
[5.399s] running install_data
[5.400s] running install_egg_info
[5.404s] removing '/home/mepus/ros2_ws/install/camera_python_package/lib/python3.10/site-packages/camera_python_package-0.0.0-py3.10.egg-info' (and everything under it)
[5.405s] Copying ../../build/camera_python_package/camera_python_package.egg-info to /home/mepus/ros2_ws/install/camera_python_package/lib/python3.10/site-packages/camera_python_package-0.0.0-py3.10.egg-info
[5.407s] running install_scripts
[5.455s] Installing network_camera script to /home/mepus/ros2_ws/install/camera_python_package/lib/camera_python_package
[5.455s] writing list of installed files to '/home/mepus/ros2_ws/build/camera_python_package/install.log'
[5.540s] Invoked command in '/home/mepus/ros2_ws/src/camera_python_package' returned '0': CONDA_PROMPT_MODIFIER=(pytorch-env) PYTHONPATH=/home/mepus/ros2_ws/build/camera_python_package/prefix_override:/usr/lib/python3/dist-packages/colcon_core/task/python/colcon_distutils_commands:/home/mepus/ros2_ws/install/camera_python_package/lib/python3.10/site-packages:${PYTHONPATH} /usr/bin/python3 -W ignore:setup.py install is deprecated -W ignore:easy_install command is deprecated setup.py egg_info --egg-base ../../build/camera_python_package build --build-base /home/mepus/ros2_ws/build/camera_python_package/build install --record /home/mepus/ros2_ws/build/camera_python_package/install.log --single-version-externally-managed install_data
