[0.998s] Invoking command in '/home/mepus/ros2_ws/src/camera_python_package': CONDA_PROMPT_MODIFIER=(pytorch-env) PYTHONPATH=/home/mepus/ros2_ws/build/camera_python_package/prefix_override:/usr/lib/python3/dist-packages/colcon_core/task/python/colcon_distutils_commands:/home/mepus/ros2_ws/install/camera_python_package/lib/python3.10/site-packages:${PYTHONPATH} /usr/bin/python3 -W ignore:setup.py install is deprecated -W ignore:easy_install command is deprecated setup.py egg_info --egg-base ../../build/camera_python_package build --build-base /home/mepus/ros2_ws/build/camera_python_package/build install --record /home/mepus/ros2_ws/build/camera_python_package/install.log --single-version-externally-managed install_data
[1.368s] running egg_info
[1.368s] creating ../../build/camera_python_package/camera_python_package.egg-info
[1.369s] writing ../../build/camera_python_package/camera_python_package.egg-info/PKG-INFO
[1.369s] writing dependency_links to ../../build/camera_python_package/camera_python_package.egg-info/dependency_links.txt
[1.370s] writing entry points to ../../build/camera_python_package/camera_python_package.egg-info/entry_points.txt
[1.370s] writing requirements to ../../build/camera_python_package/camera_python_package.egg-info/requires.txt
[1.370s] writing top-level names to ../../build/camera_python_package/camera_python_package.egg-info/top_level.txt
[1.370s] writing manifest file '../../build/camera_python_package/camera_python_package.egg-info/SOURCES.txt'
[1.373s] reading manifest file '../../build/camera_python_package/camera_python_package.egg-info/SOURCES.txt'
[1.374s] writing manifest file '../../build/camera_python_package/camera_python_package.egg-info/SOURCES.txt'
[1.374s] running build
[1.374s] running build_py
[1.375s] creating /home/mepus/ros2_ws/build/camera_python_package/build
[1.375s] creating /home/mepus/ros2_ws/build/camera_python_package/build/lib
[1.375s] creating /home/mepus/ros2_ws/build/camera_python_package/build/lib/camera_python_package
[1.375s] copying camera_python_package/usb_camera.py -> /home/mepus/ros2_ws/build/camera_python_package/build/lib/camera_python_package
[1.376s] copying camera_python_package/__init__.py -> /home/mepus/ros2_ws/build/camera_python_package/build/lib/camera_python_package
[1.376s] running install
[1.376s] running install_lib
[1.376s] creating /home/mepus/ros2_ws/install/camera_python_package/lib/python3.10/site-packages/camera_python_package
[1.377s] copying /home/mepus/ros2_ws/build/camera_python_package/build/lib/camera_python_package/usb_camera.py -> /home/mepus/ros2_ws/install/camera_python_package/lib/python3.10/site-packages/camera_python_package
[1.377s] copying /home/mepus/ros2_ws/build/camera_python_package/build/lib/camera_python_package/__init__.py -> /home/mepus/ros2_ws/install/camera_python_package/lib/python3.10/site-packages/camera_python_package
[1.378s] byte-compiling /home/mepus/ros2_ws/install/camera_python_package/lib/python3.10/site-packages/camera_python_package/usb_camera.py to usb_camera.cpython-310.pyc
[1.378s]   File "/home/mepus/ros2_ws/install/camera_python_package/lib/python3.10/site-packages/camera_python_package/usb_camera.py", line 83
[1.379s]     height, width, —_ = first_frame.shape   #获取图像尺寸
[1.379s]                    ^
[1.379s] SyntaxError: invalid character '—' (U+2014)
[1.379s] 
[1.380s] byte-compiling /home/mepus/ros2_ws/install/camera_python_package/lib/python3.10/site-packages/camera_python_package/__init__.py to __init__.cpython-310.pyc
[1.380s] running install_data
[1.380s] creating /home/mepus/ros2_ws/install/camera_python_package/share/ament_index
[1.380s] creating /home/mepus/ros2_ws/install/camera_python_package/share/ament_index/resource_index
[1.381s] creating /home/mepus/ros2_ws/install/camera_python_package/share/ament_index/resource_index/packages
[1.381s] copying resource/camera_python_package -> /home/mepus/ros2_ws/install/camera_python_package/share/ament_index/resource_index/packages
[1.381s] copying package.xml -> /home/mepus/ros2_ws/install/camera_python_package/share/camera_python_package
[1.381s] running install_egg_info
[1.382s] Copying ../../build/camera_python_package/camera_python_package.egg-info to /home/mepus/ros2_ws/install/camera_python_package/lib/python3.10/site-packages/camera_python_package-0.0.0-py3.10.egg-info
[1.384s] running install_scripts
[1.416s] Installing usb_camera script to /home/mepus/ros2_ws/install/camera_python_package/lib/camera_python_package
[1.417s] writing list of installed files to '/home/mepus/ros2_ws/build/camera_python_package/install.log'
[1.474s] Invoked command in '/home/mepus/ros2_ws/src/camera_python_package' returned '0': CONDA_PROMPT_MODIFIER=(pytorch-env) PYTHONPATH=/home/mepus/ros2_ws/build/camera_python_package/prefix_override:/usr/lib/python3/dist-packages/colcon_core/task/python/colcon_distutils_commands:/home/mepus/ros2_ws/install/camera_python_package/lib/python3.10/site-packages:${PYTHONPATH} /usr/bin/python3 -W ignore:setup.py install is deprecated -W ignore:easy_install command is deprecated setup.py egg_info --egg-base ../../build/camera_python_package build --build-base /home/mepus/ros2_ws/build/camera_python_package/build install --record /home/mepus/ros2_ws/build/camera_python_package/install.log --single-version-externally-managed install_data
