[3.934s] Invoking command in '/home/mepus/ros2_ws/src/camera_python_package': CONDA_PROMPT_MODIFIER=(pytorch-env) PYTHONPATH=/home/mepus/ros2_ws/build/camera_python_package/prefix_override:/usr/lib/python3/dist-packages/colcon_core/task/python/colcon_distutils_commands:/home/mepus/ros2_ws/install/camera_python_package/lib/python3.10/site-packages:${PYTHONPATH} /usr/bin/python3 -W ignore:setup.py install is deprecated -W ignore:easy_install command is deprecated setup.py egg_info --egg-base ../../build/camera_python_package build --build-base /home/mepus/ros2_ws/build/camera_python_package/build install --record /home/mepus/ros2_ws/build/camera_python_package/install.log --single-version-externally-managed install_data
[4.301s] running egg_info
[4.301s] writing ../../build/camera_python_package/camera_python_package.egg-info/PKG-INFO
[4.302s] writing dependency_links to ../../build/camera_python_package/camera_python_package.egg-info/dependency_links.txt
[4.302s] writing entry points to ../../build/camera_python_package/camera_python_package.egg-info/entry_points.txt
[4.303s] writing requirements to ../../build/camera_python_package/camera_python_package.egg-info/requires.txt
[4.303s] writing top-level names to ../../build/camera_python_package/camera_python_package.egg-info/top_level.txt
[4.305s] reading manifest file '../../build/camera_python_package/camera_python_package.egg-info/SOURCES.txt'
[4.307s] writing manifest file '../../build/camera_python_package/camera_python_package.egg-info/SOURCES.txt'
[4.307s] running build
[4.307s] running build_py
[4.307s] copying camera_python_package/network_camera.py -> /home/mepus/ros2_ws/build/camera_python_package/build/lib/camera_python_package
[4.308s] running install
[4.308s] running install_lib
[4.309s] copying /home/mepus/ros2_ws/build/camera_python_package/build/lib/camera_python_package/network_camera.py -> /home/mepus/ros2_ws/install/camera_python_package/lib/python3.10/site-packages/camera_python_package
[4.310s] byte-compiling /home/mepus/ros2_ws/install/camera_python_package/lib/python3.10/site-packages/camera_python_package/network_camera.py to network_camera.cpython-310.pyc
[4.314s] running install_data
[4.314s] running install_egg_info
[4.317s] removing '/home/mepus/ros2_ws/install/camera_python_package/lib/python3.10/site-packages/camera_python_package-0.0.0-py3.10.egg-info' (and everything under it)
[4.317s] Copying ../../build/camera_python_package/camera_python_package.egg-info to /home/mepus/ros2_ws/install/camera_python_package/lib/python3.10/site-packages/camera_python_package-0.0.0-py3.10.egg-info
[4.319s] running install_scripts
[4.353s] Installing network_camera script to /home/mepus/ros2_ws/install/camera_python_package/lib/camera_python_package
[4.353s] writing list of installed files to '/home/mepus/ros2_ws/build/camera_python_package/install.log'
[4.414s] Invoked command in '/home/mepus/ros2_ws/src/camera_python_package' returned '0': CONDA_PROMPT_MODIFIER=(pytorch-env) PYTHONPATH=/home/mepus/ros2_ws/build/camera_python_package/prefix_override:/usr/lib/python3/dist-packages/colcon_core/task/python/colcon_distutils_commands:/home/mepus/ros2_ws/install/camera_python_package/lib/python3.10/site-packages:${PYTHONPATH} /usr/bin/python3 -W ignore:setup.py install is deprecated -W ignore:easy_install command is deprecated setup.py egg_info --egg-base ../../build/camera_python_package build --build-base /home/mepus/ros2_ws/build/camera_python_package/build install --record /home/mepus/ros2_ws/build/camera_python_package/install.log --single-version-externally-managed install_data
